INFO 2025-08-07 11:33:17,333 autoreload 21820 10556 Watching for file changes with StatReloader
INFO 2025-08-07 11:44:18,970 autoreload 21820 10556 C:\Users\PATRIC-JR\Desktop\projet0\portfolio\folio\models.py changed, reloading.
INFO 2025-08-07 11:44:20,551 autoreload 20740 18760 Watching for file changes with StatReloader
INFO 2025-08-07 11:44:29,681 autoreload 20740 18760 C:\Users\PATRIC-JR\Desktop\projet0\portfolio\folio\models.py changed, reloading.
INFO 2025-08-07 11:44:30,746 autoreload 5784 11628 Watching for file changes with StatReloader
INFO 2025-08-07 11:44:32,404 autoreload 5784 11628 C:\Users\PATRIC-JR\Desktop\projet0\portfolio\folio\models.py changed, reloading.
INFO 2025-08-07 11:44:33,509 autoreload 17836 20404 Watching for file changes with StatReloader
INFO 2025-08-07 11:44:36,001 autoreload 17836 20404 C:\Users\PATRIC-JR\Desktop\projet0\portfolio\folio\models.py changed, reloading.
INFO 2025-08-07 11:44:37,083 autoreload 18416 5524 Watching for file changes with StatReloader
INFO 2025-08-07 11:44:38,732 autoreload 18416 5524 C:\Users\PATRIC-JR\Desktop\projet0\portfolio\folio\models.py changed, reloading.
INFO 2025-08-07 11:44:40,006 autoreload 1804 7156 Watching for file changes with StatReloader
INFO 2025-08-07 12:01:32,835 autoreload 1804 7156 C:\Users\PATRIC-JR\Desktop\projet0\portfolio\portfolio\settings.py changed, reloading.
INFO 2025-08-07 13:36:44,315 autoreload 524 5132 Watching for file changes with StatReloader
ERROR 2025-08-07 13:37:57,371 log 524 14324 Internal Server Error: /
Traceback (most recent call last):
  File "C:\Users\PATRIC-JR\Desktop\projet0\env\Lib\site-packages\django\core\handlers\exception.py", line 55, in inner
    response = get_response(request)
  File "C:\Users\PATRIC-JR\Desktop\projet0\env\Lib\site-packages\django\core\handlers\base.py", line 197, in _get_response
    response = wrapped_callback(request, *callback_args, **callback_kwargs)
  File "C:\Users\PATRIC-JR\Desktop\projet0\portfolio\folio\views.py", line 39, in home
    return render(request, 'portfolio/home.html', context)
  File "C:\Users\PATRIC-JR\Desktop\projet0\env\Lib\site-packages\django\shortcuts.py", line 25, in render
    content = loader.render_to_string(template_name, context, request, using=using)
  File "C:\Users\PATRIC-JR\Desktop\projet0\env\Lib\site-packages\django\template\loader.py", line 61, in render_to_string
    template = get_template(template_name, using=using)
  File "C:\Users\PATRIC-JR\Desktop\projet0\env\Lib\site-packages\django\template\loader.py", line 19, in get_template
    raise TemplateDoesNotExist(template_name, chain=chain)
django.template.exceptions.TemplateDoesNotExist: portfolio/home.html
ERROR 2025-08-07 13:37:57,381 basehttp 524 14324 "GET / HTTP/1.1" 500 93535
ERROR 2025-08-07 13:38:07,025 log 524 14324 Internal Server Error: /
Traceback (most recent call last):
  File "C:\Users\PATRIC-JR\Desktop\projet0\env\Lib\site-packages\django\core\handlers\exception.py", line 55, in inner
    response = get_response(request)
  File "C:\Users\PATRIC-JR\Desktop\projet0\env\Lib\site-packages\django\core\handlers\base.py", line 197, in _get_response
    response = wrapped_callback(request, *callback_args, **callback_kwargs)
  File "C:\Users\PATRIC-JR\Desktop\projet0\portfolio\folio\views.py", line 39, in home
    return render(request, 'portfolio/home.html', context)
  File "C:\Users\PATRIC-JR\Desktop\projet0\env\Lib\site-packages\django\shortcuts.py", line 25, in render
    content = loader.render_to_string(template_name, context, request, using=using)
  File "C:\Users\PATRIC-JR\Desktop\projet0\env\Lib\site-packages\django\template\loader.py", line 61, in render_to_string
    template = get_template(template_name, using=using)
  File "C:\Users\PATRIC-JR\Desktop\projet0\env\Lib\site-packages\django\template\loader.py", line 19, in get_template
    raise TemplateDoesNotExist(template_name, chain=chain)
django.template.exceptions.TemplateDoesNotExist: portfolio/home.html
ERROR 2025-08-07 13:38:07,029 basehttp 524 14324 "GET / HTTP/1.1" 500 93261
WARNING 2025-08-07 13:38:07,481 log 524 14324 Not Found: /favicon.ico
WARNING 2025-08-07 13:38:07,488 basehttp 524 14324 "GET /favicon.ico HTTP/1.1" 404 4776
WARNING 2025-08-07 13:38:56,524 log 524 14324 Not Found: /home
WARNING 2025-08-07 13:38:56,525 basehttp 524 14324 "GET /home HTTP/1.1" 404 4755
WARNING 2025-08-07 13:39:19,144 log 524 14324 Not Found: /home/
WARNING 2025-08-07 13:39:19,145 basehttp 524 14324 "GET /home/ HTTP/1.1" 404 4758
ERROR 2025-08-07 13:39:42,584 log 524 14324 Internal Server Error: /
Traceback (most recent call last):
  File "C:\Users\PATRIC-JR\Desktop\projet0\env\Lib\site-packages\django\core\handlers\exception.py", line 55, in inner
    response = get_response(request)
  File "C:\Users\PATRIC-JR\Desktop\projet0\env\Lib\site-packages\django\core\handlers\base.py", line 197, in _get_response
    response = wrapped_callback(request, *callback_args, **callback_kwargs)
  File "C:\Users\PATRIC-JR\Desktop\projet0\portfolio\folio\views.py", line 39, in home
    return render(request, 'portfolio/home.html', context)
  File "C:\Users\PATRIC-JR\Desktop\projet0\env\Lib\site-packages\django\shortcuts.py", line 25, in render
    content = loader.render_to_string(template_name, context, request, using=using)
  File "C:\Users\PATRIC-JR\Desktop\projet0\env\Lib\site-packages\django\template\loader.py", line 61, in render_to_string
    template = get_template(template_name, using=using)
  File "C:\Users\PATRIC-JR\Desktop\projet0\env\Lib\site-packages\django\template\loader.py", line 19, in get_template
    raise TemplateDoesNotExist(template_name, chain=chain)
django.template.exceptions.TemplateDoesNotExist: portfolio/home.html
ERROR 2025-08-07 13:39:42,591 basehttp 524 14324 "GET / HTTP/1.1" 500 93535
ERROR 2025-08-07 13:39:52,557 log 524 14324 Internal Server Error: /
Traceback (most recent call last):
  File "C:\Users\PATRIC-JR\Desktop\projet0\env\Lib\site-packages\django\core\handlers\exception.py", line 55, in inner
    response = get_response(request)
  File "C:\Users\PATRIC-JR\Desktop\projet0\env\Lib\site-packages\django\core\handlers\base.py", line 197, in _get_response
    response = wrapped_callback(request, *callback_args, **callback_kwargs)
  File "C:\Users\PATRIC-JR\Desktop\projet0\portfolio\folio\views.py", line 39, in home
    return render(request, 'portfolio/home.html', context)
  File "C:\Users\PATRIC-JR\Desktop\projet0\env\Lib\site-packages\django\shortcuts.py", line 25, in render
    content = loader.render_to_string(template_name, context, request, using=using)
  File "C:\Users\PATRIC-JR\Desktop\projet0\env\Lib\site-packages\django\template\loader.py", line 61, in render_to_string
    template = get_template(template_name, using=using)
  File "C:\Users\PATRIC-JR\Desktop\projet0\env\Lib\site-packages\django\template\loader.py", line 19, in get_template
    raise TemplateDoesNotExist(template_name, chain=chain)
django.template.exceptions.TemplateDoesNotExist: portfolio/home.html
ERROR 2025-08-07 13:39:52,563 basehttp 524 14324 "GET / HTTP/1.1" 500 93261
INFO 2025-08-07 13:40:26,570 autoreload 3192 18532 Watching for file changes with StatReloader
ERROR 2025-08-07 13:40:58,504 log 3192 14496 Internal Server Error: /
Traceback (most recent call last):
  File "C:\Users\PATRIC-JR\Desktop\projet0\env\Lib\site-packages\django\core\handlers\exception.py", line 55, in inner
    response = get_response(request)
  File "C:\Users\PATRIC-JR\Desktop\projet0\env\Lib\site-packages\django\core\handlers\base.py", line 197, in _get_response
    response = wrapped_callback(request, *callback_args, **callback_kwargs)
  File "C:\Users\PATRIC-JR\Desktop\projet0\portfolio\folio\views.py", line 39, in home
    return render(request, 'portfolio/home.html', context)
  File "C:\Users\PATRIC-JR\Desktop\projet0\env\Lib\site-packages\django\shortcuts.py", line 25, in render
    content = loader.render_to_string(template_name, context, request, using=using)
  File "C:\Users\PATRIC-JR\Desktop\projet0\env\Lib\site-packages\django\template\loader.py", line 61, in render_to_string
    template = get_template(template_name, using=using)
  File "C:\Users\PATRIC-JR\Desktop\projet0\env\Lib\site-packages\django\template\loader.py", line 19, in get_template
    raise TemplateDoesNotExist(template_name, chain=chain)
django.template.exceptions.TemplateDoesNotExist: portfolio/home.html
ERROR 2025-08-07 13:40:58,513 basehttp 3192 14496 "GET / HTTP/1.1" 500 93261
INFO 2025-08-07 13:46:28,301 autoreload 3192 18532 C:\Users\PATRIC-JR\Desktop\projet0\portfolio\folio\views.py changed, reloading.
INFO 2025-08-07 13:46:29,477 autoreload 22720 4028 Watching for file changes with StatReloader
INFO 2025-08-07 13:46:36,037 autoreload 22720 4028 C:\Users\PATRIC-JR\Desktop\projet0\portfolio\folio\views.py changed, reloading.
INFO 2025-08-07 13:46:37,521 autoreload 21928 23416 Watching for file changes with StatReloader
INFO 2025-08-07 13:46:47,754 autoreload 21928 23416 C:\Users\PATRIC-JR\Desktop\projet0\portfolio\folio\views.py changed, reloading.
INFO 2025-08-07 13:46:49,087 autoreload 21020 6232 Watching for file changes with StatReloader
INFO 2025-08-07 13:47:01,442 autoreload 21020 6232 C:\Users\PATRIC-JR\Desktop\projet0\portfolio\folio\views.py changed, reloading.
INFO 2025-08-07 13:47:02,548 autoreload 21304 14836 Watching for file changes with StatReloader
INFO 2025-08-07 13:47:14,105 autoreload 21304 14836 C:\Users\PATRIC-JR\Desktop\projet0\portfolio\folio\views.py changed, reloading.
INFO 2025-08-07 13:47:15,202 autoreload 21900 23236 Watching for file changes with StatReloader
INFO 2025-08-07 13:47:34,606 autoreload 21900 23236 C:\Users\PATRIC-JR\Desktop\projet0\portfolio\folio\views.py changed, reloading.
INFO 2025-08-07 13:47:35,700 autoreload 14976 21648 Watching for file changes with StatReloader
INFO 2025-08-07 13:47:51,948 autoreload 20748 13364 Watching for file changes with StatReloader
ERROR 2025-08-07 13:48:25,754 log 20748 3100 Internal Server Error: /
Traceback (most recent call last):
  File "C:\Users\PATRIC-JR\Desktop\projet0\env\Lib\site-packages\django\core\handlers\exception.py", line 55, in inner
    response = get_response(request)
  File "C:\Users\PATRIC-JR\Desktop\projet0\env\Lib\site-packages\django\core\handlers\base.py", line 197, in _get_response
    response = wrapped_callback(request, *callback_args, **callback_kwargs)
  File "C:\Users\PATRIC-JR\Desktop\projet0\portfolio\folio\views.py", line 39, in home
    return render(request, 'home.html', context)
  File "C:\Users\PATRIC-JR\Desktop\projet0\env\Lib\site-packages\django\shortcuts.py", line 25, in render
    content = loader.render_to_string(template_name, context, request, using=using)
  File "C:\Users\PATRIC-JR\Desktop\projet0\env\Lib\site-packages\django\template\loader.py", line 62, in render_to_string
    return template.render(context, request)
           ~~~~~~~~~~~~~~~^^^^^^^^^^^^^^^^^^
  File "C:\Users\PATRIC-JR\Desktop\projet0\env\Lib\site-packages\django\template\backends\django.py", line 107, in render
    return self.template.render(context)
           ~~~~~~~~~~~~~~~~~~~~^^^^^^^^^
  File "C:\Users\PATRIC-JR\Desktop\projet0\env\Lib\site-packages\django\template\base.py", line 171, in render
    return self._render(context)
           ~~~~~~~~~~~~^^^^^^^^^
  File "C:\Users\PATRIC-JR\Desktop\projet0\env\Lib\site-packages\django\template\base.py", line 163, in _render
    return self.nodelist.render(context)
           ~~~~~~~~~~~~~~~~~~~~^^^^^^^^^
  File "C:\Users\PATRIC-JR\Desktop\projet0\env\Lib\site-packages\django\template\base.py", line 1016, in render
    return SafeString("".join([node.render_annotated(context) for node in self]))
                               ~~~~~~~~~~~~~~~~~~~~~^^^^^^^^^
  File "C:\Users\PATRIC-JR\Desktop\projet0\env\Lib\site-packages\django\template\base.py", line 977, in render_annotated
    return self.render(context)
           ~~~~~~~~~~~^^^^^^^^^
  File "C:\Users\PATRIC-JR\Desktop\projet0\env\Lib\site-packages\django\template\loader_tags.py", line 134, in render
    compiled_parent = self.get_parent(context)
  File "C:\Users\PATRIC-JR\Desktop\projet0\env\Lib\site-packages\django\template\loader_tags.py", line 131, in get_parent
    return self.find_template(parent, context)
           ~~~~~~~~~~~~~~~~~~^^^^^^^^^^^^^^^^^
  File "C:\Users\PATRIC-JR\Desktop\projet0\env\Lib\site-packages\django\template\loader_tags.py", line 109, in find_template
    template, origin = context.template.engine.find_template(
                       ~~~~~~~~~~~~~~~~~~~~~~~~~~~~~~~~~~~~~^
        template_name,
        ^^^^^^^^^^^^^^
        skip=history,
        ^^^^^^^^^^^^^
    )
    ^
  File "C:\Users\PATRIC-JR\Desktop\projet0\env\Lib\site-packages\django\template\engine.py", line 159, in find_template
    template = loader.get_template(name, skip=skip)
  File "C:\Users\PATRIC-JR\Desktop\projet0\env\Lib\site-packages\django\template\loaders\cached.py", line 57, in get_template
    template = super().get_template(template_name, skip)
  File "C:\Users\PATRIC-JR\Desktop\projet0\env\Lib\site-packages\django\template\loaders\base.py", line 28, in get_template
    return Template(
        contents,
    ...<2 lines>...
        self.engine,
    )
  File "C:\Users\PATRIC-JR\Desktop\projet0\env\Lib\site-packages\django\template\base.py", line 154, in __init__
    self.nodelist = self.compile_nodelist()
                    ~~~~~~~~~~~~~~~~~~~~~^^
  File "C:\Users\PATRIC-JR\Desktop\projet0\env\Lib\site-packages\django\template\base.py", line 196, in compile_nodelist
    nodelist = parser.parse()
  File "C:\Users\PATRIC-JR\Desktop\projet0\env\Lib\site-packages\django\template\base.py", line 518, in parse
    raise self.error(token, e)
  File "C:\Users\PATRIC-JR\Desktop\projet0\env\Lib\site-packages\django\template\base.py", line 516, in parse
    compiled_result = compile_func(self, token)
  File "C:\Users\PATRIC-JR\Desktop\projet0\env\Lib\site-packages\django\template\defaulttags.py", line 962, in do_if
    nodelist = parser.parse(("elif", "else", "endif"))
  File "C:\Users\PATRIC-JR\Desktop\projet0\env\Lib\site-packages\django\template\base.py", line 518, in parse
    raise self.error(token, e)
  File "C:\Users\PATRIC-JR\Desktop\projet0\env\Lib\site-packages\django\template\base.py", line 516, in parse
    compiled_result = compile_func(self, token)
  File "C:\Users\PATRIC-JR\Desktop\projet0\env\Lib\site-packages\django\template\defaulttags.py", line 862, in do_for
    nodelist_loop = parser.parse(
        (
    ...<2 lines>...
        )
    )
  File "C:\Users\PATRIC-JR\Desktop\projet0\env\Lib\site-packages\django\template\base.py", line 489, in parse
    raise self.error(token, e)
  File "C:\Users\PATRIC-JR\Desktop\projet0\env\Lib\site-packages\django\template\base.py", line 487, in parse
    filter_expression = self.compile_filter(token.contents)
  File "C:\Users\PATRIC-JR\Desktop\projet0\env\Lib\site-packages\django\template\base.py", line 609, in compile_filter
    return FilterExpression(token, self)
  File "C:\Users\PATRIC-JR\Desktop\projet0\env\Lib\site-packages\django\template\base.py", line 710, in __init__
    raise TemplateSyntaxError(
    ...<2 lines>...
    )
django.template.exceptions.TemplateSyntaxError: Could not parse the remainder: ' == 'success' and 'green' or 'red'' from 'message.tags == 'success' and 'green' or 'red''
ERROR 2025-08-07 13:48:25,780 basehttp 20748 3100 "GET / HTTP/1.1" 500 241336
WARNING 2025-08-07 13:48:30,880 log 20748 3100 Not Found: /home
WARNING 2025-08-07 13:48:30,881 basehttp 20748 3100 "GET /home HTTP/1.1" 404 4755
WARNING 2025-08-07 13:49:31,686 log 20748 14176 Not Found: /home/
WARNING 2025-08-07 13:49:31,687 basehttp 20748 14176 "GET /home/ HTTP/1.1" 404 4758
